2025-03-12 10:41:35,610 - INFO - Starting headless game with Board 5 x 5. Sequence: 5.
2025-03-12 10:41:39,724 - INFO - A* - Victory found! Running time: 1.5037s, Expanded nodes: 2786, Path Length: 5, Memory Used: 6852.95 KB, CPU Used: 2.1 
2025-03-12 10:41:39,738 - INFO - A* Game Plan: {'plan': [(3, 3), (3, 0), (0, 1), (0, 1), (2, 1)], 'nodes_explored': 2786, 'execution_time': 1.503706932067871, 'memory_usage': 6852.953125, 'path_length': 5, 'success': True, 'cpu': 2.1, 'final_score': 70}
2025-03-12 10:41:39,822 - INFO - Greedy - Victory found! Running time: 0.0403s, Expanded nodes: 54, Path Length: 5, Memory Used: 6852.95 KB, CPU Used: 0.0 
2025-03-12 10:41:39,823 - INFO - Greedy Game Plan: {'plan': [(0, 0), (0, 2), (1, 2), (1, 0), (0, 3)], 'nodes_explored': 54, 'execution_time': 0.04034137725830078, 'memory_usage': 6852.953125, 'path_length': 5, 'success': True, 'cpu': 0.0, 'final_score': 60}
2025-03-12 10:41:39,923 - INFO - DFS - Victory found! Running time: 0.0491s, Expanded nodes: 92, Path Length: 5, Memory Used: 260.05 KB, CPU Used: 0.0 
2025-03-12 10:41:39,924 - INFO - DFS Game Plan: {'plan': [(3, 3), (3, 0), (0, 1), (0, 1), (2, 1)], 'nodes_explored': 92, 'execution_time': 0.04911017417907715, 'memory_usage': 260.0546875, 'path_length': 5, 'success': True, 'cpu': 0.0, 'final_score': 70}
2025-03-12 10:41:42,697 - INFO - BFS - Victory found! Running time: 1.3721s, Expanded nodes: 1623, Path Length: 5, Memory Used: 8477.67 KB, CPU Used: 2.1 
2025-03-12 10:41:42,701 - INFO - BFS Game Plan: {'plan': [(0, 0), (0, 2), (1, 2), (1, 0), (0, 3)], 'nodes_explored': 1623, 'execution_time': 1.3721399307250977, 'memory_usage': 8477.671875, 'path_length': 5, 'success': True, 'cpu': 2.1, 'final_score': 60}
2025-03-12 10:41:42,719 - INFO - DLS (Limit 1) - No victory within limit. Time: 0.0085s, Nodes: 17, Memory: 124.18 KB, CPU Used: 46.2 
2025-03-12 10:41:42,870 - INFO - DLS (Limit 2) - No victory within limit. Time: 0.0749s, Nodes: 121, Memory: 175.69 KB, CPU Used: 0.0 
2025-03-12 10:41:43,498 - INFO - DLS (Limit 3) - No victory within limit. Time: 0.3132s, Nodes: 675, Memory: 278.59 KB, CPU Used: 17.4 
2025-03-12 10:41:45,039 - INFO - DLS (Limit 4) - No victory within limit. Time: 0.7692s, Nodes: 1617, Memory: 802.70 KB, CPU Used: 0.2 
2025-03-12 10:41:45,138 - INFO - DLS (Limit 5) - Victory within limit! Time: 0.0489s, Nodes: 92, Depth: 5, Memory: 257.99 KB, CPU Used: 0.0 
2025-03-12 10:41:47,577 - INFO - IDS - Victory found! (Depth Limit: 5). Total Time: 1.2147s, Total Nodes: 2522, Path Length: 5, Memory Used: 802.70 KB, CPU Used: 1.0 
2025-03-12 10:41:47,579 - INFO - IDS Game Plan: {'plan': [(3, 3), (3, 0), (0, 1), (0, 1), (2, 1)], 'nodes_explored': 2522, 'execution_time': 1.214714527130127, 'memory_usage': 802.703125, 'path_length': 5, 'success': True, 'final_score': 70, 'depth_limit_reached': 5, 'cpu': 1.0, 'max_depth': 5}
2025-03-12 10:41:50,271 - INFO - UCS - Victory found! Running time: 1.3450s, Expanded nodes: 1659, Path Length: 5, Memory Used: 8724.70 KB, CPU Used: 0.5 
2025-03-12 10:41:53,009 - INFO - UCS - Victory found! Running time: 2.6923s, Expanded nodes: 1659, Path Length: 5, Memory Used: 8724.70 KB, CPU Used: 1.7 
2025-03-12 10:41:53,015 - INFO - UCS Game Plan: {'plan': [(2, 1), (0, 0), (2, 0), (2, 3), (2, 2)], 'nodes_explored': 1659, 'execution_time': 2.692326068878174, 'memory_usage': 8724.703125, 'path_length': 5, 'success': True, 'cpu': 1.7, 'final_score': 60}
2025-03-12 14:57:14,533 - INFO - Score: 0
2025-03-12 14:57:14,534 - INFO - Remaining Pieces: 10
2025-03-12 14:57:14,534 - INFO - Total Diamonds: 12
2025-03-12 14:57:14,535 - INFO - The player can keep playing
2025-03-12 14:57:14,535 - INFO - Game initialized with rows=7, cols=7, fill_density=0.5, diamond_rate=50, sequence_length=10, symmetric=True
2025-03-12 14:57:17,322 - INFO - DFS - Victory found! Running time: 0.4248s, Expanded nodes: 703, Path Length: 10, Memory Used: 806.01 KB, CPU Used: 0.4 
2025-03-12 14:57:17,323 - INFO - DFS Game Plan calculated: [(5, 4), (0, 0), (5, 3), (0, 5), (0, 5), (3, 0), (0, 2), (1, 3), (1, 2), (3, 4)]
2025-03-12 14:59:33,753 - INFO - Game restarted.
2025-03-12 14:59:35,962 - INFO - Score: 0
2025-03-12 14:59:35,963 - INFO - Remaining Pieces: 10
2025-03-12 14:59:35,963 - INFO - Total Diamonds: 7
2025-03-12 14:59:35,964 - INFO - The player can keep playing
2025-03-12 14:59:35,964 - INFO - Game initialized with rows=7, cols=7, fill_density=0.5, diamond_rate=50, sequence_length=10, symmetric=True
2025-03-12 15:32:07,604 - INFO - Starting headless game with Board 7 x 7. Sequence: 10, Fill Density: 0.5, Diamond Rate: 0.5.
2025-03-12 15:32:08,128 - INFO - Starting A* search...
2025-03-12 15:35:46,927 - INFO - A* - Victory found! Running time: 109.3937s, Expanded nodes: 168956, Path Length: 9, Memory Used: 275595.51 KB, CPU Used: 1.0 
2025-03-12 15:35:48,776 - INFO - A* Game Plan found in 220.65 seconds: [(0, 1), (4, 5), (3, 0), (0, 3), (5, 1), (0, 4), (0, 0), (5, 4), (5, 0)]
2025-03-12 15:35:48,777 - INFO - A* - Game Plan: [(0, 1), (4, 5), (3, 0), (0, 3), (5, 1), (0, 4), (0, 0), (5, 4), (5, 0)]
2025-03-12 15:35:48,790 - INFO - Starting Greedy search...
2025-03-12 15:35:53,235 - INFO - Greedy - Victory found! Running time: 2.2150s, Expanded nodes: 4454, Path Length: 10, Memory Used: 275595.51 KB, CPU Used: 0.4 
2025-03-12 15:35:53,239 - INFO - Greedy Game Plan found in 4.45 seconds: [(0, 1), (4, 2), (4, 6), (6, 3), (0, 4), (5, 0), (4, 2), (5, 0), (5, 4), (5, 3)]
2025-03-12 15:35:53,240 - INFO - Greedy - Game Plan: [(0, 1), (4, 2), (4, 6), (6, 3), (0, 4), (5, 0), (4, 2), (5, 0), (5, 4), (5, 3)]
2025-03-12 15:35:53,240 - INFO - Starting DFS search...
2025-03-12 15:36:16,204 - INFO - DFS - Victory found! Running time: 11.4687s, Expanded nodes: 21593, Path Length: 10, Memory Used: 17922.35 KB, CPU Used: 0.2 
2025-03-12 15:36:16,218 - INFO - DFS Game Plan found in 22.98 seconds: [(5, 2), (4, 5), (2, 3), (0, 0), (0, 3), (5, 0), (3, 0), (1, 0), (0, 2), (5, 2)]
2025-03-12 15:36:16,218 - INFO - DFS - Game Plan: [(5, 2), (4, 5), (2, 3), (0, 0), (0, 3), (5, 0), (3, 0), (1, 0), (0, 2), (5, 2)]
2025-03-12 15:36:16,219 - INFO - Starting BFS search...
2025-03-12 15:38:09,623 - INFO - BFS - Victory found! Running time: 56.4063s, Expanded nodes: 44058, Path Length: 9, Memory Used: 404545.27 KB, CPU Used: 0.3 
2025-03-12 15:38:10,787 - INFO - BFS Game Plan found in 114.57 seconds: [(0, 1), (4, 5), (0, 0), (6, 0), (0, 4), (5, 4), (3, 0), (5, 0), (4, 2)]
2025-03-12 15:38:10,788 - INFO - BFS - Game Plan: [(0, 1), (4, 5), (0, 0), (6, 0), (0, 4), (5, 4), (3, 0), (5, 0), (4, 2)]
2025-03-12 15:38:10,788 - INFO - Starting IDS search...
2025-03-12 15:38:10,798 - INFO - DLS (Limit 1) - No victory within limit. Time: 0.0044s, Nodes: 8, Memory: 68.82 KB, CPU Used: 0.0 
2025-03-12 15:38:10,825 - INFO - DLS (Limit 2) - No victory within limit. Time: 0.0129s, Nodes: 21, Memory: 85.30 KB, CPU Used: 5.9 
2025-03-12 15:38:11,041 - INFO - DLS (Limit 3) - No victory within limit. Time: 0.1070s, Nodes: 165, Memory: 185.25 KB, CPU Used: 0.0 
2025-03-12 15:38:12,269 - INFO - DLS (Limit 4) - No victory within limit. Time: 0.6129s, Nodes: 1062, Memory: 731.28 KB, CPU Used: 0.3 
2025-03-12 15:38:15,345 - INFO - DLS (Limit 5) - No victory within limit. Time: 1.5321s, Nodes: 2617, Memory: 1990.10 KB, CPU Used: 0.0 
2025-03-12 15:38:20,996 - INFO - DLS (Limit 6) - No victory within limit. Time: 2.8161s, Nodes: 4712, Memory: 3548.20 KB, CPU Used: 0.4 
2025-03-12 15:38:34,769 - INFO - DLS (Limit 7) - No victory within limit. Time: 6.8792s, Nodes: 12056, Memory: 9426.69 KB, CPU Used: 0.3 
2025-03-12 15:39:12,905 - INFO - DLS (Limit 8) - No victory within limit. Time: 19.0399s, Nodes: 34914, Memory: 28135.45 KB, CPU Used: 0.8 
2025-03-12 15:39:31,880 - INFO - DLS (Limit 9) - Victory within limit! Time: 9.4675s, Nodes: 17523, Depth: 9, Memory: 13251.51 KB, CPU Used: 0.3 
2025-03-12 15:40:52,993 - INFO - IDS - Victory found! (Depth Limit: 9). Total Time: 40.4720s, Total Nodes: 73078, Path Length: 9, Memory Used: 28135.45 KB, CPU Used: 0.4 
2025-03-12 15:40:52,995 - INFO - IDS Game Plan found in 162.21 seconds: [(5, 1), (4, 5), (1, 0), (0, 0), (0, 3), (0, 4), (4, 0), (5, 4), (0, 0)]
2025-03-12 15:40:52,997 - INFO - IDS - Game Plan: [(5, 1), (4, 5), (1, 0), (0, 0), (0, 3), (0, 4), (4, 0), (5, 4), (0, 0)]
2025-03-12 15:40:52,999 - INFO - Starting UCS search...
2025-03-12 15:42:31,565 - INFO - UCS - Victory found! Running time: 49.2819s, Expanded nodes: 37620, Path Length: 9, Memory Used: 354777.04 KB, CPU Used: 0.7 
2025-03-12 15:44:10,656 - INFO - UCS - Victory found! Running time: 98.5658s, Expanded nodes: 37620, Path Length: 9, Memory Used: 354778.09 KB, CPU Used: 0.4 
2025-03-12 15:44:11,743 - INFO - UCS Game Plan found in 198.74 seconds: [(0, 1), (4, 5), (3, 0), (0, 4), (5, 1), (5, 0), (0, 0), (5, 4), (0, 4)]
2025-03-12 15:44:11,744 - INFO - UCS - Game Plan: [(0, 1), (4, 5), (3, 0), (0, 4), (5, 1), (5, 0), (0, 0), (5, 4), (0, 4)]
2025-03-12 15:52:34,285 - INFO - Starting headless game with Board 7 x 7. Sequence: 10, Fill Density: 0.5, Diamond Rate: 0.5.
2025-03-12 15:52:34,295 - INFO - Starting A* search...
2025-03-12 16:06:42,784 - INFO - A* - Victory found! Running time: 424.2350s, Expanded nodes: 650139, Path Length: 10, Memory Used: 1356843.20 KB, CPU Used: 0.3, Score: 180
2025-03-12 16:06:50,282 - INFO - A* Game Plan found in 855.99 seconds: [(0, 0), (4, 0), (5, 3), (3, 0), (0, 3), (3, 5), (3, 4), (4, 0), (4, 0), (1, 0)]
2025-03-12 16:06:50,320 - INFO - A* - Game Plan: [(0, 0), (4, 0), (5, 3), (3, 0), (0, 3), (3, 5), (3, 4), (4, 0), (4, 0), (1, 0)]
2025-03-12 16:06:50,321 - INFO - Starting Greedy search...
2025-03-12 16:07:13,529 - INFO - Greedy - Victory found! Running time: 11.5790s, Expanded nodes: 23124, Path Length: 10, Memory Used: 1356843.20 KB, CPU Used: 1.6, Score: 180
2025-03-12 16:07:13,554 - INFO - Greedy Game Plan found in 23.23 seconds: [(0, 0), (4, 5), (0, 2), (3, 5), (3, 0), (4, 0), (4, 4), (1, 0), (0, 5), (1, 2)]
2025-03-12 16:07:13,554 - INFO - Greedy - Game Plan: [(0, 0), (4, 5), (0, 2), (3, 5), (3, 0), (4, 0), (4, 4), (1, 0), (0, 5), (1, 2)]
2025-03-12 16:07:13,555 - INFO - Starting DFS search...
2025-03-12 16:07:16,173 - INFO - DFS - Victory found! Running time: 1.3076s, Expanded nodes: 2665, Path Length: 10, Memory Used: 2283.96 KB, CPU Used: 0.5, Score: 180
2025-03-12 16:07:16,203 - INFO - DFS Game Plan found in 2.65 seconds: [(3, 1), (4, 6), (5, 3), (0, 5), (0, 1), (4, 0), (4, 1), (0, 0), (3, 4), (0, 3)]
2025-03-12 16:07:16,203 - INFO - DFS - Game Plan: [(3, 1), (4, 6), (5, 3), (0, 5), (0, 1), (4, 0), (4, 1), (0, 0), (3, 4), (0, 3)]
2025-03-12 16:07:16,204 - INFO - Starting BFS search...
2025-03-12 16:14:53,426 - INFO - Starting headless game with Board 7 x 7. Sequence: 10, Fill Density: 0.5, Diamond Rate: 0.5.
2025-03-12 16:15:33,807 - INFO - A* - Victory found! Running time: 20.1840s, Expanded nodes: 35580, Path Length: 9, Memory Used: 91461.68 KB, CPU Used: 0.3 %, Score: 160
2025-03-12 16:15:34,073 - INFO - A* Game Plan: {'plan': [(1, 0), (1, 5), (4, 0), (3, 3), (0, 2), (3, 5), (4, 0), (4, 3), (1, 2)], 'nodes_explored': 35580, 'execution_time': 20.184049367904663, 'memory_usage': 91461.6796875, 'path_length': 9, 'success': True, 'cpu': 0.3, 'final_score': 160}
2025-03-12 16:15:45,425 - INFO - Greedy - Victory found! Running time: 5.6617s, Expanded nodes: 11472, Path Length: 9, Memory Used: 91461.68 KB, CPU Used: 0.4 %, Score: 160
2025-03-12 16:15:45,432 - INFO - Greedy Game Plan: {'plan': [(1, 0), (1, 5), (4, 0), (3, 3), (0, 2), (3, 5), (4, 0), (4, 3), (1, 2)], 'nodes_explored': 11472, 'execution_time': 5.661678791046143, 'memory_usage': 91461.6796875, 'path_length': 9, 'success': True, 'cpu': 0.4, 'final_score': 160}
2025-03-12 16:15:59,597 - INFO - DFS - Victory found! Running time: 7.0746s, Expanded nodes: 13966, Path Length: 10, Memory Used: 10944.22 KB, CPU Used: 0.3 %, Score: 160
2025-03-12 16:15:59,605 - INFO - DFS Game Plan: {'plan': [(1, 0), (2, 1), (4, 0), (3, 3), (0, 2), (3, 5), (5, 2), (4, 3), (0, 3), (1, 4)], 'nodes_explored': 13966, 'execution_time': 7.074604272842407, 'memory_usage': 10944.2216796875, 'path_length': 10, 'success': True, 'cpu': 0.3, 'final_score': 160}
2025-03-12 16:16:22,455 - INFO - BFS - Victory found! Running time: 11.3589s, Expanded nodes: 7518, Path Length: 9, Memory Used: 104739.65 KB, CPU Used: 0.3 %, Score: 160
2025-03-12 16:16:22,726 - INFO - BFS Game Plan: {'plan': [(1, 0), (1, 5), (4, 0), (3, 3), (0, 2), (3, 5), (4, 0), (4, 3), (1, 2)], 'nodes_explored': 7518, 'execution_time': 11.358944177627563, 'memory_usage': 104739.6513671875, 'path_length': 9, 'success': True, 'cpu': 0.3, 'final_score': 160}
2025-03-12 16:16:22,739 - INFO - DLS (Limit 1) - No victory within limit. Time: 0.0056s, Nodes: 9, Memory: 80.60 KB, CPU Used: 0.0 %, Score: 0
2025-03-12 16:16:22,806 - INFO - DLS (Limit 2) - No victory within limit. Time: 0.0325s, Nodes: 55, Memory: 132.88 KB, CPU Used: 0.0 %, Score: 0
2025-03-12 16:16:23,108 - INFO - DLS (Limit 3) - No victory within limit. Time: 0.1491s, Nodes: 245, Memory: 165.07 KB, CPU Used: 0.0 %, Score: 0
2025-03-12 16:16:23,819 - INFO - DLS (Limit 4) - No victory within limit. Time: 0.3542s, Nodes: 568, Memory: 360.35 KB, CPU Used: 0.7 %, Score: 0
2025-03-12 16:16:25,090 - INFO - DLS (Limit 5) - No victory within limit. Time: 0.6333s, Nodes: 1004, Memory: 665.91 KB, CPU Used: 0.5 %, Score: 0
2025-03-12 16:16:27,143 - INFO - DLS (Limit 6) - No victory within limit. Time: 1.0227s, Nodes: 1651, Memory: 1244.30 KB, CPU Used: 0.6 %, Score: 0
2025-03-12 16:16:30,301 - INFO - DLS (Limit 7) - No victory within limit. Time: 1.5771s, Nodes: 2699, Memory: 2032.74 KB, CPU Used: 0.4 %, Score: 0
2025-03-12 16:16:36,086 - INFO - DLS (Limit 8) - No victory within limit. Time: 2.8891s, Nodes: 4974, Memory: 4254.50 KB, CPU Used: 0.3 %, Score: 0
2025-03-12 16:16:44,358 - INFO - DLS (Limit 9) - Victory within limit! Time: 4.1298s, Nodes: 7840, Depth: 9, Memory: 6371.87 KB, CPU Used: 0.2 %, Score: 160
2025-03-12 16:17:06,000 - INFO - IDS - Victory found! (Depth Limit: 9). Total Time: 10.7934s, Total Nodes: 19045, Path Length: 9, Memory Used: 6371.87 KB, CPU Used: 0.3 %, Score: 160
2025-03-12 16:17:06,001 - INFO - IDS Game Plan: {'plan': [(1, 0), (1, 5), (4, 0), (3, 3), (0, 2), (3, 5), (4, 0), (4, 3), (1, 2)], 'nodes_explored': 19045, 'execution_time': 10.793437480926514, 'memory_usage': 6371.8701171875, 'path_length': 9, 'success': True, 'final_score': 160, 'depth_limit_reached': 9, 'cpu': 0.3, 'max_depth': 10}
2025-03-12 16:17:39,678 - INFO - UCS - Victory found! Running time: 16.8379s, Expanded nodes: 10587, Path Length: 9, Memory Used: 143132.34 KB, CPU Used: 0.4 %, Score: 160
2025-03-12 16:18:13,557 - INFO - UCS - Victory found! Running time: 33.6768s, Expanded nodes: 10587, Path Length: 9, Memory Used: 143133.40 KB, CPU Used: 0.3 %, Score: 160
2025-03-12 16:18:13,958 - INFO - UCS Game Plan: {'plan': [(1, 0), (1, 5), (4, 0), (3, 3), (0, 2), (3, 5), (4, 0), (4, 3), (1, 2)], 'nodes_explored': 10587, 'execution_time': 33.67684030532837, 'memory_usage': 143133.4013671875, 'path_length': 9, 'success': True, 'cpu': 0.3, 'final_score': 160}
2025-03-12 16:37:24,683 - INFO - Starting headless game with Board 7 x 7. Sequence: 10, Fill Density: 0.5, Diamond Rate: 0.5.
2025-03-12 16:37:28,236 - INFO - A* - No victory found. Running time: 1.6043s, Expanded nodes: 2843, Memory Used: 5148.09 KB, CPU Used: 0.2 %, Score: 0
2025-03-12 16:37:28,240 - INFO - A* Game Plan: {'plan': None, 'nodes_explored': 2843, 'execution_time': 1.6043365001678467, 'memory_usage': 5148.0859375, 'path_length': None, 'success': False, 'cpu': 0.2, 'final_score': 0}
2025-03-12 16:37:31,117 - INFO - Greedy - No victory found. Running time: 1.4353s, Expanded nodes: 2843, Memory Used: 2148.72 KB, CPU Used: 0.3 %, Score: None
2025-03-12 16:37:31,118 - INFO - Greedy Game Plan: {'plan': None, 'nodes_explored': 2843, 'execution_time': 1.4353291988372803, 'memory_usage': 2148.71875, 'path_length': None, 'success': False, 'cpu': 0.3, 'final_score': None}
2025-03-12 16:37:34,071 - INFO - DFS - No victory found. Running time: 1.4748s, Expanded nodes: 2843, Memory Used: 2132.59 KB, CPU Used: 0.0 %, Score: 0
2025-03-12 16:37:34,073 - INFO - DFS Game Plan: {'plan': None, 'nodes_explored': 2843, 'execution_time': 1.4747753143310547, 'memory_usage': 2132.5859375, 'path_length': None, 'success': False, 'cpu': 0.0, 'final_score': 0}
2025-03-12 16:37:37,219 - INFO - BFS - No victory found. Running time: 1.5703s, Expanded nodes: 2843, Memory Used: 9497.54 KB, CPU Used: 0.8 %, Score: 0
2025-03-12 16:37:37,221 - INFO - BFS Game Plan: {'plan': None, 'nodes_explored': 2843, 'execution_time': 1.5702970027923584, 'memory_usage': 9497.5390625, 'path_length': None, 'success': False, 'cpu': 0.8, 'final_score': 0}
2025-03-12 16:37:37,228 - INFO - DLS (Limit 1) - No victory within limit. Time: 0.0031s, Nodes: 6, Memory: 53.85 KB, CPU Used: 0.0 %, Score: 0
2025-03-12 16:37:37,263 - INFO - DLS (Limit 2) - No victory within limit. Time: 0.0169s, Nodes: 28, Memory: 87.25 KB, CPU Used: 0.0 %, Score: 0
2025-03-12 16:37:37,368 - INFO - DLS (Limit 3) - No victory within limit. Time: 0.0520s, Nodes: 82, Memory: 99.13 KB, CPU Used: 0.0 %, Score: 0
2025-03-12 16:37:37,602 - INFO - DLS (Limit 4) - No victory within limit. Time: 0.1167s, Nodes: 183, Memory: 126.77 KB, CPU Used: 1.4 %, Score: 0
2025-03-12 16:37:37,956 - INFO - DLS (Limit 5) - No victory within limit. Time: 0.1760s, Nodes: 288, Memory: 149.31 KB, CPU Used: 0.0 %, Score: 0
2025-03-12 16:37:38,462 - INFO - DLS (Limit 6) - No victory within limit. Time: 0.2526s, Nodes: 402, Memory: 241.16 KB, CPU Used: 0.0 %, Score: 0
2025-03-12 16:37:39,191 - INFO - DLS (Limit 7) - No victory within limit. Time: 0.3637s, Nodes: 577, Memory: 330.16 KB, CPU Used: 0.0 %, Score: 0
2025-03-12 16:37:40,372 - INFO - DLS (Limit 8) - No victory within limit. Time: 0.5896s, Nodes: 885, Memory: 563.77 KB, CPU Used: 0.0 %, Score: 0
2025-03-12 16:37:42,273 - INFO - DLS (Limit 9) - No victory within limit. Time: 0.9492s, Nodes: 1549, Memory: 1175.34 KB, CPU Used: 0.3 %, Score: 0
2025-03-12 16:37:45,772 - INFO - DLS (Limit 10) - No victory within limit. Time: 1.7480s, Nodes: 2843, Memory: 2131.16 KB, CPU Used: 0.3 %, Score: 0
2025-03-12 16:37:54,327 - INFO - IDS - No victory within max depth 10. Total Time: 4.2678s, Total Nodes: 6843, Memory Used: 2131.16 KB, CPU Used: 0.4 %, Score: 0
2025-03-12 16:37:54,329 - INFO - IDS Game Plan: {'plan': None, 'nodes_explored': 6843, 'execution_time': 4.267754316329956, 'memory_usage': 2131.1640625, 'path_length': None, 'success': False, 'final_score': 0, 'depth_limit_reached': -1, 'cpu': 0.4, 'max_depth': 10}
2025-03-12 16:37:57,540 - INFO - UCS - No victory found. Running time: 1.6002s, Expanded nodes: 2843, Memory Used: 9532.95 KB, CPU Used: 0.6 
2025-03-12 16:37:57,542 - INFO - UCS Game Plan: {'plan': None, 'nodes_explored': 2843, 'execution_time': 1.600243091583252, 'memory_usage': 9532.9453125, 'path_length': None, 'success': False, 'cpu': 0.6, 'final_score': 0}
2025-03-12 16:38:10,227 - INFO - Starting headless game with Board 7 x 7. Sequence: 10, Fill Density: 0.5, Diamond Rate: 0.5.
2025-03-12 16:38:47,014 - INFO - A* - Victory found! Running time: 18.3831s, Expanded nodes: 30905, Path Length: 10, Memory Used: 58065.75 KB, CPU Used: 0.3 %, Score: 230
2025-03-12 16:38:47,234 - INFO - A* Game Plan: {'plan': [(0, 3), (4, 4), (1, 2), (0, 4), (4, 0), (4, 5), (1, 5), (4, 2), (0, 1), (4, 3)], 'nodes_explored': 30905, 'execution_time': 18.38312077522278, 'memory_usage': 58065.75, 'path_length': 10, 'success': True, 'cpu': 0.3, 'final_score': 230}
2025-03-12 16:39:03,561 - INFO - Greedy - Victory found! Running time: 8.1467s, Expanded nodes: 15808, Path Length: 10, Memory Used: 58065.75 KB, CPU Used: 0.3 %, Score: 240
2025-03-12 16:39:03,570 - INFO - Greedy Game Plan: {'plan': [(0, 3), (4, 4), (1, 2), (0, 4), (4, 0), (3, 4), (1, 5), (4, 2), (0, 1), (4, 3)], 'nodes_explored': 15808, 'execution_time': 8.146748065948486, 'memory_usage': 58065.75, 'path_length': 10, 'success': True, 'cpu': 0.3, 'final_score': 240}
2025-03-12 16:39:11,939 - INFO - DFS - Victory found! Running time: 4.1797s, Expanded nodes: 8085, Path Length: 10, Memory Used: 6524.91 KB, CPU Used: 0.6 %, Score: 240
2025-03-12 16:39:11,944 - INFO - DFS Game Plan: {'plan': [(4, 2), (0, 3), (5, 1), (0, 0), (2, 1), (0, 1), (3, 2), (4, 4), (0, 3), (1, 3)], 'nodes_explored': 8085, 'execution_time': 4.179664850234985, 'memory_usage': 6524.9140625, 'path_length': 10, 'success': True, 'cpu': 0.6, 'final_score': 240}
2025-03-12 16:39:45,954 - INFO - BFS - Victory found! Running time: 16.9205s, Expanded nodes: 18848, Path Length: 10, Memory Used: 112279.36 KB, CPU Used: 0.4 %, Score: 240
2025-03-12 16:39:46,198 - INFO - BFS Game Plan: {'plan': [(0, 3), (4, 4), (1, 2), (0, 3), (4, 0), (4, 3), (0, 5), (4, 2), (0, 1), (3, 4)], 'nodes_explored': 18848, 'execution_time': 16.920532941818237, 'memory_usage': 112279.359375, 'path_length': 10, 'success': True, 'cpu': 0.4, 'final_score': 240}
2025-03-12 16:39:46,205 - INFO - DLS (Limit 1) - No victory within limit. Time: 0.0029s, Nodes: 5, Memory: 53.33 KB, CPU Used: 0.0 %, Score: 0
2025-03-12 16:39:46,242 - INFO - DLS (Limit 2) - No victory within limit. Time: 0.0177s, Nodes: 22, Memory: 78.18 KB, CPU Used: 0.0 %, Score: 0
2025-03-12 16:39:46,326 - INFO - DLS (Limit 3) - No victory within limit. Time: 0.0410s, Nodes: 64, Memory: 114.62 KB, CPU Used: 2.0 %, Score: 0
2025-03-12 16:39:46,687 - INFO - DLS (Limit 4) - No victory within limit. Time: 0.1791s, Nodes: 276, Memory: 177.15 KB, CPU Used: 0.0 %, Score: 0
2025-03-12 16:39:47,728 - INFO - DLS (Limit 5) - No victory within limit. Time: 0.5178s, Nodes: 878, Memory: 569.60 KB, CPU Used: 0.6 %, Score: 0
2025-03-12 16:39:50,481 - INFO - DLS (Limit 6) - No victory within limit. Time: 1.3709s, Nodes: 2454, Memory: 1841.34 KB, CPU Used: 0.5 %, Score: 0
2025-03-12 16:39:56,260 - INFO - DLS (Limit 7) - No victory within limit. Time: 2.8865s, Nodes: 5107, Memory: 4208.23 KB, CPU Used: 0.6 %, Score: 0
2025-03-12 16:40:07,198 - INFO - DLS (Limit 8) - No victory within limit. Time: 5.4635s, Nodes: 9628, Memory: 7565.66 KB, CPU Used: 0.4 %, Score: 0
2025-03-12 16:40:24,332 - INFO - DLS (Limit 9) - No victory within limit. Time: 8.5557s, Nodes: 15594, Memory: 11988.91 KB, CPU Used: 0.3 %, Score: 0
2025-03-12 16:40:32,751 - INFO - DLS (Limit 10) - Victory within limit! Time: 4.2008s, Nodes: 8085, Depth: 10, Memory: 6522.16 KB, CPU Used: 0.2 %, Score: 240
2025-03-12 16:41:19,313 - INFO - IDS - Victory found! (Depth Limit: 10). Total Time: 23.2360s, Total Nodes: 42113, Path Length: 10, Memory Used: 11988.91 KB, CPU Used: 0.3 %, Score: 240
2025-03-12 16:41:19,313 - INFO - IDS Game Plan: {'plan': [(4, 2), (0, 3), (5, 1), (0, 0), (2, 1), (0, 1), (3, 2), (4, 4), (0, 3), (1, 3)], 'nodes_explored': 42113, 'execution_time': 23.236016750335693, 'memory_usage': 11988.90625, 'path_length': 10, 'success': True, 'final_score': 240, 'depth_limit_reached': 10, 'cpu': 0.3, 'max_depth': 10}
2025-03-12 16:41:53,825 - INFO - UCS - Victory found! Running time: 17.1595s, Expanded nodes: 16409, Path Length: 10, Memory Used: 112871.00 KB, CPU Used: 0.3 
2025-03-12 16:41:54,183 - INFO - UCS Game Plan: {'plan': [(0, 3), (4, 4), (1, 2), (0, 3), (4, 0), (4, 3), (1, 5), (4, 2), (0, 1), (3, 4)], 'nodes_explored': 16409, 'execution_time': 17.159526824951172, 'memory_usage': 112871.0, 'path_length': 10, 'success': True, 'cpu': 0.3, 'final_score': 240}
2025-03-12 21:10:43,484 - INFO - Starting headless game with Board 5 x 5. Sequence: 5, Fill Density: 0.1, Diamond Rate: 0.2.
2025-03-12 21:10:43,490 - INFO - A* - Victory found! Running time: 0.0000s, Expanded nodes: 1, Path Length: 0, Memory Used: 8.57 KB, CPU Used: 0.0 %, Score: 0
2025-03-12 21:10:43,490 - INFO - A* Game Plan: {'plan': [], 'nodes_explored': 1, 'execution_time': 2.9325485229492188e-05, 'memory_usage': 8.5703125, 'path_length': 0, 'success': True, 'cpu': 0.0, 'final_score': 0}
2025-03-12 21:10:43,491 - INFO - Greedy - Victory found! Running time: 0.0000s, Expanded nodes: 1, Path Length: 0, Memory Used: 9.45 KB, CPU Used: 0.0 %, Score: 0
2025-03-12 21:10:43,491 - INFO - Greedy Game Plan: {'plan': [], 'nodes_explored': 1, 'execution_time': 1.8596649169921875e-05, 'memory_usage': 9.4453125, 'path_length': 0, 'success': True, 'cpu': 0.0, 'final_score': 0}
2025-03-12 21:10:43,502 - INFO - DFS - Victory found! Running time: 0.0051s, Expanded nodes: 1, Path Length: 0, Memory Used: 109.61 KB, CPU Used: 0.0 %, Score: 0
2025-03-12 21:10:43,502 - INFO - DFS Game Plan: {'plan': [], 'nodes_explored': 1, 'execution_time': 0.005124807357788086, 'memory_usage': 109.609375, 'path_length': 0, 'success': True, 'cpu': 0.0, 'final_score': 0}
2025-03-12 21:10:43,512 - INFO - BFS - Victory found! Running time: 0.0048s, Expanded nodes: 1, Path Length: 0, Memory Used: 95.80 KB, CPU Used: 0.0 %, Score: 0
2025-03-12 21:10:43,512 - INFO - BFS Game Plan: {'plan': [], 'nodes_explored': 1, 'execution_time': 0.004830598831176758, 'memory_usage': 95.8046875, 'path_length': 0, 'success': True, 'cpu': 0.0, 'final_score': 0}
2025-03-12 21:10:43,513 - INFO - DLS (Limit 1) - Victory within limit! Time: 0.0000s, Nodes: 1, Depth: 0, Memory: 4.78 KB, CPU Used: 0.0 %, Score: 0
2025-03-12 21:10:43,514 - INFO - IDS - Victory found! (Depth Limit: 1). Total Time: 0.0000s, Total Nodes: 1, Path Length: 0, Memory Used: 4.78 KB, CPU Used: 0.0 %, Score: 0
2025-03-12 21:10:43,514 - INFO - IDS Game Plan: {'plan': [], 'nodes_explored': 1, 'execution_time': 1.5497207641601562e-05, 'memory_usage': 4.78125, 'path_length': 0, 'success': True, 'final_score': 0, 'depth_limit_reached': 1, 'cpu': 0.0, 'max_depth': 5}
2025-03-12 21:10:43,515 - INFO - UCS - Victory found! Running time: 0.0000s, Expanded nodes: 1, Path Length: 0, Memory Used: 4.79 KB, CPU Used: 0.0 
2025-03-12 21:10:43,515 - INFO - UCS Game Plan: {'plan': [], 'nodes_explored': 1, 'execution_time': 2.0503997802734375e-05, 'memory_usage': 4.7890625, 'path_length': 0, 'success': True, 'cpu': 0.0, 'final_score': 0}
2025-03-12 21:15:21,105 - INFO - Score: 0
2025-03-12 21:15:21,105 - INFO - Remaining Pieces: 5
2025-03-12 21:15:21,105 - INFO - Total Diamonds: 6
2025-03-12 21:15:21,105 - INFO - The player can keep playing
2025-03-12 21:15:21,105 - INFO - Game initialized with rows=5, cols=5, fill_density=0.3, diamond_rate=0.2, sequence_length=5, symmetric=True
2025-03-12 21:15:31,226 - INFO - DFS - Victory found! Running time: 0.0063s, Expanded nodes: 12, Path Length: 5, Memory Used: 106.25 KB, CPU Used: 0.0 %, Score: 90
2025-03-12 21:15:31,227 - INFO - DFS Game Plan calculated: [(2, 2), (2, 0), (0, 3), (0, 0), (0, 0)]
2025-03-12 21:15:41,582 - INFO - BFS - Victory found! Running time: 0.0500s, Expanded nodes: 46, Path Length: 5, Memory Used: 608.59 KB, CPU Used: 24.7 %, Score: 90
2025-03-12 21:15:41,582 - INFO - BFS Game Plan calculated: [(0, 0), (2, 2), (0, 3), (0, 0), (0, 3)]
2025-03-12 21:15:44,074 - INFO - A* - Victory found! Running time: 0.0499s, Expanded nodes: 130, Path Length: 5, Memory Used: 368.16 KB, CPU Used: 15.7 %, Score: 90
2025-03-12 21:15:44,074 - INFO - A* Game Plan calculated: [(0, 0), (2, 2), (0, 3), (0, 0), (0, 3)]
2025-03-12 21:15:45,684 - INFO - Greedy - Victory found! Running time: 0.0219s, Expanded nodes: 43, Path Length: 5, Memory Used: 368.16 KB, CPU Used: 10.9 %, Score: 90
2025-03-12 21:15:45,684 - INFO - Greedy Game Plan calculated: [(0, 0), (2, 2), (0, 3), (0, 0), (2, 1)]
2025-03-12 21:15:47,560 - INFO - DLS (Limit 1) - No victory within limit. Time: 0.0014s, Nodes: 4, Memory: 31.65 KB, CPU Used: 0.0 %, Score: 0
2025-03-12 21:15:47,574 - INFO - DLS (Limit 2) - No victory within limit. Time: 0.0070s, Nodes: 18, Memory: 67.84 KB, CPU Used: 40.0 %, Score: 0
2025-03-12 21:15:47,598 - INFO - DLS (Limit 3) - No victory within limit. Time: 0.0113s, Nodes: 28, Memory: 67.84 KB, CPU Used: 13.9 %, Score: 0
2025-03-12 21:15:47,634 - INFO - DLS (Limit 4) - No victory within limit. Time: 0.0176s, Nodes: 45, Memory: 73.02 KB, CPU Used: 20.0 %, Score: 0
2025-03-12 21:15:47,648 - INFO - DLS (Limit 5) - Victory within limit! Time: 0.0068s, Nodes: 12, Depth: 5, Memory: 89.70 KB, CPU Used: 0.0 %, Score: 90
2025-03-12 21:15:47,741 - INFO - IDS - Victory found! (Depth Limit: 5). Total Time: 0.0441s, Total Nodes: 107, Path Length: 5, Memory Used: 89.70 KB, CPU Used: 11.3 %, Score: 90
2025-03-12 21:15:47,741 - INFO - IDS Game Plan calculated: [(2, 2), (2, 0), (0, 3), (0, 0), (0, 0)]
2025-03-12 21:15:56,525 - INFO - UCS - Victory found! Running time: 0.0499s, Expanded nodes: 50, Path Length: 5, Memory Used: 591.88 KB, CPU Used: 20.0 
2025-03-12 21:15:56,525 - INFO - UCS Game Plan calculated: [(0, 0), (2, 2), (0, 3), (1, 2), (2, 4)]
2025-03-12 21:16:01,478 - INFO - The player can keep playing
2025-03-12 21:16:01,478 - INFO - Piece placed successfully.
2025-03-12 21:16:01,488 - INFO - Score: 0
2025-03-12 21:16:01,488 - INFO - Remaining Pieces: 4
2025-03-12 21:16:01,488 - INFO - Total Diamonds: 6
2025-03-12 21:16:01,488 - INFO - Board:
1 0 0 0 0
1 1 2 0 0
1 2 0 2 0
0 0 0 0 0
0 0 0 0 0

2025-03-12 21:16:01,488 - INFO - The player can keep playing
2025-03-12 21:16:01,488 - INFO - AI played move (0, 0). Remaining game plan: [(2, 2), (0, 3), (1, 2), (2, 4)]
2025-03-12 21:16:02,242 - INFO - The player can keep playing
2025-03-12 21:16:02,243 - INFO - Piece placed successfully.
2025-03-12 21:16:02,254 - INFO - Score: 0
2025-03-12 21:16:02,254 - INFO - Remaining Pieces: 3
2025-03-12 21:16:02,254 - INFO - Total Diamonds: 6
2025-03-12 21:16:02,254 - INFO - Board:
1 0 0 0 0
1 1 2 0 0
1 2 1 2 0
0 0 1 0 0
0 0 1 0 0

2025-03-12 21:16:02,254 - INFO - The player can keep playing
2025-03-12 21:16:02,254 - INFO - AI played move (2, 2). Remaining game plan: [(0, 3), (1, 2), (2, 4)]
2025-03-12 21:16:03,277 - INFO - The player can keep playing
2025-03-12 21:16:03,278 - INFO - Piece placed successfully.
2025-03-12 21:16:03,289 - INFO - Score: 70
2025-03-12 21:16:03,289 - INFO - Remaining Pieces: 2
2025-03-12 21:16:03,289 - INFO - Total Diamonds: 1
2025-03-12 21:16:03,289 - INFO - Board:
1 0 0 0 1
0 0 0 0 0
0 0 0 0 0
0 0 1 0 0
0 0 1 0 0

2025-03-12 21:16:03,289 - INFO - The player can keep playing
2025-03-12 21:16:03,289 - INFO - AI played move (0, 3). Remaining game plan: [(1, 2), (2, 4)]
2025-03-12 21:16:05,799 - INFO - The player can keep playing
2025-03-12 21:16:05,799 - INFO - Piece placed successfully.
2025-03-12 21:16:05,810 - INFO - Score: 70
2025-03-12 21:16:05,810 - INFO - Remaining Pieces: 1
2025-03-12 21:16:05,810 - INFO - Total Diamonds: 1
2025-03-12 21:16:05,810 - INFO - Board:
1 0 0 0 1
0 0 0 1 1
0 0 1 1 0
0 0 1 0 0
0 0 1 0 0

2025-03-12 21:16:05,810 - INFO - The player can keep playing
2025-03-12 21:16:05,810 - INFO - AI played move (1, 2). Remaining game plan: [(2, 4)]
2025-03-12 21:16:07,017 - INFO - The player can keep playing
2025-03-12 21:16:07,018 - INFO - Piece placed successfully.
2025-03-12 21:16:07,028 - INFO - Score: 90
2025-03-12 21:16:07,028 - INFO - Remaining Pieces: 0
2025-03-12 21:16:07,028 - INFO - Total Diamonds: 0
2025-03-12 21:16:07,028 - INFO - Board:
1 0 0 0 0
0 0 0 1 0
0 0 1 1 0
0 0 1 0 0
0 0 1 0 0

2025-03-12 21:16:08,613 - INFO - Congratulations! You collected all the diamonds. Victory!
Score: 90
2025-03-12 21:16:08,614 - INFO - AI played move (2, 4). Remaining game plan: []
2025-03-12 21:17:12,712 - INFO - Score: 0
2025-03-12 21:17:12,712 - INFO - Remaining Pieces: 5
2025-03-12 21:17:12,712 - INFO - Total Diamonds: 5
2025-03-12 21:17:12,712 - INFO - The player can keep playing
2025-03-12 21:17:12,712 - INFO - Game initialized with rows=5, cols=5, fill_density=0.3, diamond_rate=0.2, sequence_length=5, symmetric=True
2025-03-12 21:17:14,163 - INFO - DFS - Victory found! Running time: 0.0238s, Expanded nodes: 48, Path Length: 5, Memory Used: 186.55 KB, CPU Used: 40.0 %, Score: 90
2025-03-12 21:17:14,163 - INFO - DFS Game Plan calculated: [(2, 3), (4, 0), (0, 1), (0, 1), (2, 2)]
2025-03-12 21:17:16,998 - INFO - BFS - Victory found! Running time: 0.1329s, Expanded nodes: 176, Path Length: 4, Memory Used: 1200.09 KB, CPU Used: 21.8 %, Score: 80
2025-03-12 21:17:16,998 - INFO - BFS Game Plan calculated: [(0, 0), (4, 2), (0, 1), (3, 0)]
2025-03-12 21:17:22,358 - INFO - A* - Victory found! Running time: 0.2142s, Expanded nodes: 435, Path Length: 4, Memory Used: 1315.12 KB, CPU Used: 16.4 %, Score: 70
2025-03-12 21:17:22,360 - INFO - A* Game Plan calculated: [(1, 3), (0, 1), (1, 0), (3, 0)]
2025-03-12 21:17:24,573 - INFO - Greedy - Victory found! Running time: 0.0318s, Expanded nodes: 73, Path Length: 4, Memory Used: 1315.12 KB, CPU Used: 10.8 %, Score: 70
2025-03-12 21:17:24,574 - INFO - Greedy Game Plan calculated: [(0, 2), (4, 1), (2, 0), (0, 0)]
2025-03-12 21:17:26,196 - INFO - DLS (Limit 1) - No victory within limit. Time: 0.0031s, Nodes: 8, Memory: 58.65 KB, CPU Used: 60.0 %, Score: 0
2025-03-12 21:17:26,238 - INFO - DLS (Limit 2) - No victory within limit. Time: 0.0202s, Nodes: 52, Memory: 106.86 KB, CPU Used: 4.8 %, Score: 0
2025-03-12 21:17:26,351 - INFO - DLS (Limit 3) - No victory within limit. Time: 0.0565s, Nodes: 147, Memory: 126.37 KB, CPU Used: 7.4 %, Score: 0
2025-03-12 21:17:26,386 - INFO - DLS (Limit 4) - Victory within limit! Time: 0.0169s, Nodes: 36, Depth: 4, Memory: 126.70 KB, CPU Used: 17.2 %, Score: 70
2025-03-12 21:17:26,584 - INFO - IDS - Victory found! (Depth Limit: 4). Total Time: 0.0967s, Total Nodes: 243, Path Length: 4, Memory Used: 126.70 KB, CPU Used: 20.9 %, Score: 70
2025-03-12 21:17:26,584 - INFO - IDS Game Plan calculated: [(2, 3), (0, 1), (1, 0), (3, 0)]
2025-03-12 21:17:28,393 - INFO - UCS - Victory found! Running time: 0.1393s, Expanded nodes: 173, Path Length: 4, Memory Used: 1254.55 KB, CPU Used: 8.8 
2025-03-12 21:17:28,393 - INFO - UCS Game Plan calculated: [(1, 0), (0, 2), (1, 2), (3, 2)]
2025-03-12 21:17:30,272 - INFO - The player can keep playing
2025-03-12 21:17:30,272 - INFO - Piece placed successfully.
2025-03-12 21:17:30,282 - INFO - Score: 0
2025-03-12 21:17:30,283 - INFO - Remaining Pieces: 4
2025-03-12 21:17:30,283 - INFO - Total Diamonds: 5
2025-03-12 21:17:30,283 - INFO - Board:
0 0 0 0 0
1 0 0 0 0
1 1 2 0 0
0 1 2 0 0
0 0 0 0 0

2025-03-12 21:17:30,283 - INFO - The player can keep playing
2025-03-12 21:17:30,283 - INFO - AI played move (1, 0). Remaining game plan: [(0, 2), (1, 2), (3, 2)]
2025-03-12 21:17:30,856 - INFO - The player can keep playing
2025-03-12 21:17:30,856 - INFO - Piece placed successfully.
2025-03-12 21:17:30,867 - INFO - Score: 0
2025-03-12 21:17:30,867 - INFO - Remaining Pieces: 3
2025-03-12 21:17:30,867 - INFO - Total Diamonds: 5
2025-03-12 21:17:30,867 - INFO - Board:
0 0 2 1 1
1 0 0 0 0
1 1 2 0 0
0 1 2 0 0
0 0 0 0 0

2025-03-12 21:17:30,867 - INFO - The player can keep playing
2025-03-12 21:17:30,867 - INFO - AI played move (0, 2). Remaining game plan: [(1, 2), (3, 2)]
2025-03-12 21:17:31,592 - INFO - The player can keep playing
2025-03-12 21:17:31,592 - INFO - Piece placed successfully.
2025-03-12 21:17:31,604 - INFO - Score: 0
2025-03-12 21:17:31,604 - INFO - Remaining Pieces: 2
2025-03-12 21:17:31,604 - INFO - Total Diamonds: 5
2025-03-12 21:17:31,604 - INFO - Board:
0 0 2 1 1
1 0 1 2 1
1 1 2 1 0
0 1 2 0 0
0 0 0 0 0

2025-03-12 21:17:31,604 - INFO - The player can keep playing
2025-03-12 21:17:31,604 - INFO - AI played move (1, 2). Remaining game plan: [(3, 2)]
2025-03-12 21:17:32,175 - INFO - The player can keep playing
2025-03-12 21:17:32,175 - INFO - Piece placed successfully.
2025-03-12 21:17:32,186 - INFO - Score: 70
2025-03-12 21:17:32,186 - INFO - Remaining Pieces: 1
2025-03-12 21:17:32,186 - INFO - Total Diamonds: 0
2025-03-12 21:17:32,186 - INFO - Board:
0 0 0 0 1
1 0 0 0 1
1 1 0 0 0
0 1 0 0 0
0 0 0 0 1

2025-03-12 21:17:33,574 - INFO - Congratulations! You collected all the diamonds. Victory!
Score: 70
2025-03-12 21:17:33,575 - INFO - AI played move (3, 2). Remaining game plan: []
2025-03-12 21:17:56,286 - INFO - Starting headless game with Board 5 x 5. Sequence: 5, Fill Density: 0.1, Diamond Rate: 0.2.
2025-03-12 21:17:56,791 - INFO - A* - Victory found! Running time: 0.2492s, Expanded nodes: 415, Path Length: 3, Memory Used: 2262.66 KB, CPU Used: 9.3 %, Score: 20
2025-03-12 21:17:56,794 - INFO - A* Game Plan: {'plan': [(2, 0), (0, 1), (1, 3)], 'nodes_explored': 415, 'execution_time': 0.24920988082885742, 'memory_usage': 2262.6640625, 'path_length': 3, 'success': True, 'cpu': 9.3, 'final_score': 20}
2025-03-12 21:17:56,844 - INFO - Greedy - Victory found! Running time: 0.0236s, Expanded nodes: 17, Path Length: 4, Memory Used: 2262.66 KB, CPU Used: 9.1 %, Score: 30
2025-03-12 21:17:56,844 - INFO - Greedy Game Plan: {'plan': [(0, 2), (1, 1), (2, 0), (3, 2)], 'nodes_explored': 17, 'execution_time': 0.023645877838134766, 'memory_usage': 2262.6640625, 'path_length': 4, 'success': True, 'cpu': 9.1, 'final_score': 30}
2025-03-12 21:17:56,876 - INFO - DFS - Victory found! Running time: 0.0156s, Expanded nodes: 10, Path Length: 4, Memory Used: 223.15 KB, CPU Used: 12.0 %, Score: 30
2025-03-12 21:17:56,876 - INFO - DFS Game Plan: {'plan': [(3, 3), (2, 0), (1, 1), (2, 2)], 'nodes_explored': 10, 'execution_time': 0.015561580657958984, 'memory_usage': 223.1484375, 'path_length': 4, 'success': True, 'cpu': 12.0, 'final_score': 30}
2025-03-12 21:17:57,225 - INFO - BFS - Victory found! Running time: 0.1730s, Expanded nodes: 130, Path Length: 3, Memory Used: 2114.87 KB, CPU Used: 18.1 %, Score: 20
2025-03-12 21:17:57,226 - INFO - BFS Game Plan: {'plan': [(0, 0), (1, 2), (0, 3)], 'nodes_explored': 130, 'execution_time': 0.1730175018310547, 'memory_usage': 2114.8671875, 'path_length': 3, 'success': True, 'cpu': 18.1, 'final_score': 20}
2025-03-12 21:17:57,240 - INFO - DLS (Limit 1) - No victory within limit. Time: 0.0068s, Nodes: 17, Memory: 124.16 KB, CPU Used: 0.0 %, Score: 0
2025-03-12 21:17:57,337 - INFO - DLS (Limit 2) - No victory within limit. Time: 0.0481s, Nodes: 121, Memory: 175.16 KB, CPU Used: 20.9 %, Score: 0
2025-03-12 21:17:57,366 - INFO - DLS (Limit 3) - Victory within limit! Time: 0.0140s, Nodes: 14, Depth: 3, Memory: 194.59 KB, CPU Used: 7.4 %, Score: 20
2025-03-12 21:17:57,507 - INFO - IDS - Victory found! (Depth Limit: 3). Total Time: 0.0689s, Total Nodes: 152, Path Length: 3, Memory Used: 194.59 KB, CPU Used: 10.9 %, Score: 20
2025-03-12 21:17:57,507 - INFO - IDS Game Plan: {'plan': [(3, 3), (1, 1), (2, 0)], 'nodes_explored': 152, 'execution_time': 0.06891369819641113, 'memory_usage': 194.5859375, 'path_length': 3, 'success': True, 'final_score': 20, 'depth_limit_reached': 3, 'cpu': 10.9, 'max_depth': 5}
2025-03-12 21:17:57,861 - INFO - UCS - Victory found! Running time: 0.1755s, Expanded nodes: 133, Path Length: 3, Memory Used: 2084.82 KB, CPU Used: 33.8 
2025-03-12 21:17:57,862 - INFO - UCS Game Plan: {'plan': [(2, 3), (0, 1), (1, 0)], 'nodes_explored': 133, 'execution_time': 0.1754627227783203, 'memory_usage': 2084.8203125, 'path_length': 3, 'success': True, 'cpu': 33.8, 'final_score': 20}
2025-03-13 09:25:48,982 - INFO - Starting headless game with Board 5 x 5. Sequence: 5, Fill Density: 0.1, Diamond Rate: 0.2.
2025-03-13 09:25:49,253 - INFO - A* - Victory found! Running time: 0.0901s, Expanded nodes: 94, Path Length: 3, Memory Used: 888.26 KB, CPU Used: 17.8 %, Score: 30
2025-03-13 09:25:49,255 - INFO - A* Game Plan: {'plan': [(3, 1), (0, 0), (0, 2)], 'nodes_explored': 94, 'execution_time': 0.09009861946105957, 'memory_usage': 888.2578125, 'path_length': 3, 'success': True, 'cpu': 17.8, 'final_score': 30}
2025-03-13 09:25:49,282 - INFO - Greedy - Victory found! Running time: 0.0128s, Expanded nodes: 15, Path Length: 5, Memory Used: 888.26 KB, CPU Used: 7.1 %, Score: 50
2025-03-13 09:25:49,282 - INFO - Greedy Game Plan: {'plan': [(0, 1), (3, 1), (0, 1), (4, 0), (2, 1)], 'nodes_explored': 15, 'execution_time': 0.012836694717407227, 'memory_usage': 888.2578125, 'path_length': 5, 'success': True, 'cpu': 7.1, 'final_score': 50}
2025-03-13 09:25:49,303 - INFO - DFS - Victory found! Running time: 0.0101s, Expanded nodes: 6, Path Length: 5, Memory Used: 144.55 KB, CPU Used: 0.0 %, Score: 40
2025-03-13 09:25:49,304 - INFO - DFS Game Plan: {'plan': [(3, 2), (2, 0), (1, 2), (2, 2), (0, 0)], 'nodes_explored': 6, 'execution_time': 0.010146141052246094, 'memory_usage': 144.5546875, 'path_length': 5, 'success': True, 'cpu': 0.0, 'final_score': 40}
2025-03-13 09:25:49,404 - INFO - BFS - Victory found! Running time: 0.0493s, Expanded nodes: 44, Path Length: 3, Memory Used: 398.64 KB, CPU Used: 18.4 %, Score: 30
2025-03-13 09:25:49,404 - INFO - BFS Game Plan: {'plan': [(0, 0), (1, 2), (2, 0)], 'nodes_explored': 44, 'execution_time': 0.0493464469909668, 'memory_usage': 398.640625, 'path_length': 3, 'success': True, 'cpu': 18.4, 'final_score': 30}
2025-03-13 09:25:49,413 - INFO - DLS (Limit 1) - No victory within limit. Time: 0.0037s, Nodes: 9, Memory: 59.73 KB, CPU Used: 0.0 %, Score: 0
2025-03-13 09:25:49,453 - INFO - DLS (Limit 2) - No victory within limit. Time: 0.0198s, Nodes: 43, Memory: 93.15 KB, CPU Used: 9.1 %, Score: 0
2025-03-13 09:25:49,469 - INFO - DLS (Limit 3) - Victory within limit! Time: 0.0076s, Nodes: 9, Depth: 3, Memory: 112.04 KB, CPU Used: 0.0 %, Score: 30
2025-03-13 09:25:49,535 - INFO - IDS - Victory found! (Depth Limit: 3). Total Time: 0.0311s, Total Nodes: 61, Path Length: 3, Memory Used: 112.04 KB, CPU Used: 7.9 %, Score: 30
2025-03-13 09:25:49,535 - INFO - IDS Game Plan: {'plan': [(3, 2), (1, 2), (2, 0)], 'nodes_explored': 61, 'execution_time': 0.031096458435058594, 'memory_usage': 112.0390625, 'path_length': 3, 'success': True, 'final_score': 30, 'depth_limit_reached': 3, 'cpu': 7.9, 'max_depth': 5}
2025-03-13 09:25:49,628 - INFO - UCS - Victory found! Running time: 0.0463s, Expanded nodes: 49, Path Length: 3, Memory Used: 417.01 KB, CPU Used: 4.4 
2025-03-13 09:25:49,628 - INFO - UCS Game Plan: {'plan': [(3, 1), (0, 0), (0, 2)], 'nodes_explored': 49, 'execution_time': 0.04625988006591797, 'memory_usage': 417.0078125, 'path_length': 3, 'success': True, 'cpu': 4.4, 'final_score': 30}
2025-03-13 09:26:09,729 - INFO - Score: 0
2025-03-13 09:26:09,729 - INFO - Remaining Pieces: 5
2025-03-13 09:26:09,729 - INFO - Total Diamonds: 3
2025-03-13 09:26:09,730 - INFO - The player can keep playing
2025-03-13 09:26:09,730 - INFO - Game initialized with rows=5, cols=5, fill_density=0.3, diamond_rate=0.2, sequence_length=5, symmetric=True
2025-03-13 09:26:11,435 - INFO - DFS - Victory found! Running time: 0.0117s, Expanded nodes: 16, Path Length: 4, Memory Used: 112.45 KB, CPU Used: 76.0 %, Score: 50
2025-03-13 09:26:11,435 - INFO - DFS Game Plan calculated: [(3, 2), (1, 0), (1, 3), (0, 0)]
2025-03-13 09:26:14,142 - INFO - The player can keep playing
2025-03-13 09:26:14,142 - INFO - Piece placed successfully.
2025-03-13 09:26:14,156 - INFO - Score: 0
2025-03-13 09:26:14,156 - INFO - Remaining Pieces: 4
2025-03-13 09:26:14,156 - INFO - Total Diamonds: 3
2025-03-13 09:26:14,156 - INFO - Board:
0 0 0 0 0
0 0 2 0 0
0 0 2 0 0
0 0 0 1 0
0 0 1 1 1

2025-03-13 09:26:14,156 - INFO - The player can keep playing
2025-03-13 09:26:14,156 - INFO - AI played move (3, 2). Remaining game plan: [(1, 0), (1, 3), (0, 0)]
2025-03-13 09:26:14,590 - INFO - The player can keep playing
2025-03-13 09:26:14,591 - INFO - Piece placed successfully.
2025-03-13 09:26:14,605 - INFO - Score: 0
2025-03-13 09:26:14,606 - INFO - Remaining Pieces: 3
2025-03-13 09:26:14,606 - INFO - Total Diamonds: 3
2025-03-13 09:26:14,606 - INFO - Board:
0 0 0 0 0
0 1 2 0 0
1 1 2 0 0
1 0 0 1 0
0 0 1 1 1

2025-03-13 09:26:14,606 - INFO - The player can keep playing
2025-03-13 09:26:14,606 - INFO - AI played move (1, 0). Remaining game plan: [(1, 3), (0, 0)]
2025-03-13 09:26:15,010 - INFO - The player can keep playing
2025-03-13 09:26:15,010 - INFO - Piece placed successfully.
2025-03-13 09:26:15,023 - INFO - Score: 20
2025-03-13 09:26:15,024 - INFO - Remaining Pieces: 2
2025-03-13 09:26:15,024 - INFO - Total Diamonds: 2
2025-03-13 09:26:15,024 - INFO - Board:
0 0 0 0 0
0 1 2 1 2
0 0 0 0 0
1 0 0 1 0
0 0 1 1 1

2025-03-13 09:26:15,024 - INFO - The player can keep playing
2025-03-13 09:26:15,024 - INFO - AI played move (1, 3). Remaining game plan: [(0, 0)]
2025-03-13 09:26:15,481 - INFO - The player can keep playing
2025-03-13 09:26:15,481 - INFO - Piece placed successfully.
2025-03-13 09:26:15,496 - INFO - Score: 50
2025-03-13 09:26:15,496 - INFO - Remaining Pieces: 1
2025-03-13 09:26:15,496 - INFO - Total Diamonds: 0
2025-03-13 09:26:15,496 - INFO - Board:
1 1 1 0 0
0 0 0 0 0
0 0 0 0 0
1 0 0 1 0
0 0 1 1 1

2025-03-13 09:26:16,695 - INFO - Congratulations! You collected all the diamonds. Victory!
Score: 50
2025-03-13 09:26:16,695 - INFO - AI played move (0, 0). Remaining game plan: []
2025-03-13 09:26:17,802 - INFO - Game restarted.
2025-03-13 09:26:18,926 - INFO - Score: 0
2025-03-13 09:26:18,926 - INFO - Remaining Pieces: 5
2025-03-13 09:26:18,926 - INFO - Total Diamonds: 3
2025-03-13 09:26:18,926 - INFO - The player can keep playing
2025-03-13 09:26:18,926 - INFO - Game initialized with rows=5, cols=5, fill_density=0.3, diamond_rate=0.2, sequence_length=5, symmetric=True
2025-03-13 09:26:19,714 - INFO - Piece placed successfully.
2025-03-13 09:26:19,731 - INFO - Score: 0
2025-03-13 09:26:19,731 - INFO - Remaining Pieces: 4
2025-03-13 09:26:19,731 - INFO - Total Diamonds: 3
2025-03-13 09:26:19,731 - INFO - Board:
0 1 0 0 0
2 1 0 0 0
1 0 0 0 0
0 0 0 0 0
0 0 0 0 0

2025-03-13 09:26:19,731 - INFO - The player can keep playing
2025-03-13 09:26:20,842 - INFO - Piece placed successfully.
2025-03-13 09:26:20,856 - INFO - Score: 0
2025-03-13 09:26:20,856 - INFO - Remaining Pieces: 3
2025-03-13 09:26:20,856 - INFO - Total Diamonds: 3
2025-03-13 09:26:20,856 - INFO - Board:
0 1 1 0 0
2 1 1 1 0
1 0 1 0 0
0 0 0 0 0
0 0 0 0 0

2025-03-13 09:26:20,856 - INFO - The player can keep playing
2025-03-13 09:26:22,847 - INFO - Piece placed successfully.
2025-03-13 09:26:22,864 - INFO - Score: 0
2025-03-13 09:26:22,864 - INFO - Remaining Pieces: 2
2025-03-13 09:26:22,864 - INFO - Total Diamonds: 3
2025-03-13 09:26:22,864 - INFO - Board:
0 1 1 0 0
2 1 1 1 0
1 1 1 0 0
1 1 1 0 0
0 0 0 0 0

2025-03-13 09:26:22,865 - INFO - The player can keep playing
2025-03-13 09:26:25,395 - INFO - Piece placed successfully.
2025-03-13 09:26:25,412 - INFO - Score: 20
2025-03-13 09:26:25,413 - INFO - Remaining Pieces: 1
2025-03-13 09:26:25,413 - INFO - Total Diamonds: 2
2025-03-13 09:26:25,413 - INFO - Board:
0 1 1 0 0
2 1 1 1 0
1 1 1 2 0
0 0 0 0 0
0 0 0 1 0

2025-03-13 09:26:25,413 - INFO - The player can keep playing
2025-03-13 09:26:29,102 - INFO - Piece placed successfully.
2025-03-13 09:26:29,116 - INFO - Score: 60
2025-03-13 09:26:29,116 - INFO - Remaining Pieces: 0
2025-03-13 09:26:29,116 - INFO - Total Diamonds: 0
2025-03-13 09:26:29,116 - INFO - Board:
0 1 1 0 1
0 0 0 0 0
0 0 0 0 0
0 0 0 0 0
0 0 0 1 0

2025-03-13 09:26:30,251 - INFO - Congratulations! You collected all the diamonds. Victory!
Score: 60
2025-03-13 20:51:15,659 - INFO - Score: 0
2025-03-13 20:51:15,659 - INFO - Remaining Pieces: 5
2025-03-13 20:51:15,660 - INFO - Total Diamonds: 5
2025-03-13 20:51:15,660 - INFO - The player can keep playing
2025-03-13 20:51:15,660 - INFO - Game initialized with rows=5, cols=5, fill_density=0.3, diamond_rate=0.2, sequence_length=5, symmetric=True
2025-03-13 20:51:37,228 - INFO - DFS - No victory found. Running time: 0.0050s, Expanded nodes: 8, Memory Used: 58.15 KB, CPU Used: 0.0 %, Score: 0
2025-03-13 20:51:37,229 - INFO - No DFS Game Plan found.
2025-03-13 20:51:40,338 - INFO - DFS - No victory found. Running time: 0.0041s, Expanded nodes: 8, Memory Used: 49.31 KB, CPU Used: 0.0 %, Score: 0
2025-03-13 20:51:40,339 - INFO - No DFS Game Plan found.
2025-03-13 20:51:42,625 - INFO - A* - No victory found. Running time: 0.0042s, Expanded nodes: 8, Memory Used: 45.23 KB, CPU Used: 0.0 %, Score: 0
2025-03-13 20:51:42,625 - INFO - No A* Game Plan found.
2025-03-13 20:51:44,997 - INFO - DLS (Limit 1) - No victory within limit. Time: 0.0027s, Nodes: 6, Memory: 44.69 KB, CPU Used: 0.0 %, Score: 0
2025-03-13 20:51:45,006 - INFO - DLS (Limit 2) - No victory within limit. Time: 0.0038s, Nodes: 8, Memory: 46.56 KB, CPU Used: 0.0 %, Score: 0
2025-03-13 20:51:45,017 - INFO - DLS (Limit 3) - No victory within limit. Time: 0.0042s, Nodes: 8, Memory: 46.36 KB, CPU Used: 0.0 %, Score: 0
2025-03-13 20:51:45,034 - INFO - DLS (Limit 4) - No victory within limit. Time: 0.0067s, Nodes: 8, Memory: 46.36 KB, CPU Used: 14.3 %, Score: 0
2025-03-13 20:51:45,048 - INFO - DLS (Limit 5) - No victory within limit. Time: 0.0057s, Nodes: 8, Memory: 46.36 KB, CPU Used: 33.3 %, Score: 0
2025-03-13 20:51:45,108 - INFO - IDS - No victory within max depth 5. Total Time: 0.0231s, Total Nodes: 38, Memory Used: 46.56 KB, CPU Used: 35.1 %, Score: 0
2025-03-13 20:51:45,108 - INFO - No IDS Game Plan found.
2025-03-13 20:51:47,069 - INFO - BFS - No victory found. Running time: 0.0103s, Expanded nodes: 8, Memory Used: 47.24 KB, CPU Used: 11.1 %, Score: 0
2025-03-13 20:51:47,070 - INFO - No BFS Game Plan found.
2025-03-13 20:51:49,210 - INFO - Greedy - No victory found. Running time: 0.0041s, Expanded nodes: 8, Memory Used: 43.60 KB, CPU Used: 0.0 %, Score: None
2025-03-13 20:51:49,211 - INFO - No Greedy Game Plan found.
2025-03-13 20:51:51,460 - INFO - UCS - No victory found. Running time: 0.0042s, Expanded nodes: 8, Memory Used: 47.04 KB, CPU Used: 0.0 
2025-03-13 20:51:51,461 - INFO - No UCS Game Plan found.
2025-03-13 20:51:57,928 - INFO - Game restarted.
2025-03-13 20:51:59,524 - INFO - Score: 0
2025-03-13 20:51:59,525 - INFO - Remaining Pieces: 5
2025-03-13 20:51:59,525 - INFO - Total Diamonds: 2
2025-03-13 20:51:59,525 - INFO - The player can keep playing
2025-03-13 20:51:59,526 - INFO - Game initialized with rows=5, cols=5, fill_density=0.3, diamond_rate=0.2, sequence_length=5, symmetric=True
2025-03-13 20:52:01,776 - INFO - DFS - Victory found! Running time: 0.0098s, Expanded nodes: 7, Path Length: 5, Memory Used: 115.38 KB, CPU Used: 8.3 %, Score: 50
2025-03-13 20:52:01,777 - INFO - DFS Game Plan calculated: [(4, 2), (0, 2), (1, 0), (0, 2), (0, 0)]
2025-03-13 20:53:10,138 - INFO - Score: 0
2025-03-13 20:53:10,138 - INFO - Remaining Pieces: 5
2025-03-13 20:53:10,139 - INFO - Total Diamonds: 11
2025-03-13 20:53:10,139 - INFO - The player can keep playing
2025-03-13 20:53:10,140 - INFO - Game initialized with rows=5, cols=5, fill_density=0.3, diamond_rate=0.2, sequence_length=5, symmetric=True
2025-03-13 20:53:13,511 - INFO - DFS - Victory found! Running time: 0.0140s, Expanded nodes: 21, Path Length: 5, Memory Used: 106.85 KB, CPU Used: 15.4 %, Score: 150
2025-03-13 20:53:13,511 - INFO - DFS Game Plan calculated: [(1, 0), (3, 2), (0, 2), (0, 3), (2, 2)]
2025-03-13 20:53:26,473 - INFO - A* - Victory found! Running time: 0.0345s, Expanded nodes: 69, Path Length: 5, Memory Used: 133.20 KB, CPU Used: 19.4 %, Score: 150
2025-03-13 20:53:26,475 - INFO - A* Game Plan calculated: [(1, 0), (3, 2), (0, 2), (0, 3), (2, 2)]
2025-03-13 20:53:29,262 - INFO - DLS (Limit 1) - No victory within limit. Time: 0.0022s, Nodes: 5, Memory: 133.20 KB, CPU Used: 0.0 %, Score: 0
2025-03-13 20:53:29,276 - INFO - DLS (Limit 2) - No victory within limit. Time: 0.0063s, Nodes: 12, Memory: 46.59 KB, CPU Used: 0.0 %, Score: 0
2025-03-13 20:53:29,307 - INFO - DLS (Limit 3) - No victory within limit. Time: 0.0137s, Nodes: 26, Memory: 59.62 KB, CPU Used: 58.3 %, Score: 0
2025-03-13 20:53:29,352 - INFO - DLS (Limit 4) - No victory within limit. Time: 0.0208s, Nodes: 39, Memory: 71.61 KB, CPU Used: 11.8 %, Score: 0
2025-03-13 20:53:29,383 - INFO - DLS (Limit 5) - Victory within limit! Time: 0.0148s, Nodes: 21, Depth: 5, Memory: 89.36 KB, CPU Used: 38.5 %, Score: 150
2025-03-13 20:53:29,511 - INFO - IDS - Victory found! (Depth Limit: 5). Total Time: 0.0578s, Total Nodes: 103, Path Length: 5, Memory Used: 133.20 KB, CPU Used: 15.5 %, Score: 150
2025-03-13 20:53:29,512 - INFO - IDS Game Plan calculated: [(1, 0), (3, 2), (0, 2), (0, 3), (2, 2)]
2025-03-13 20:53:33,415 - INFO - BFS - Victory found! Running time: 0.0320s, Expanded nodes: 59, Path Length: 5, Memory Used: 210.07 KB, CPU Used: 17.4 %, Score: 150
2025-03-13 20:53:33,416 - INFO - BFS Game Plan calculated: [(1, 0), (3, 2), (0, 2), (0, 3), (2, 2)]
2025-03-13 20:53:35,548 - INFO - Greedy - Victory found! Running time: 0.0306s, Expanded nodes: 56, Path Length: 5, Memory Used: 95.90 KB, CPU Used: 16.0 %, Score: 150
2025-03-13 20:53:35,548 - INFO - Greedy Game Plan calculated: [(1, 0), (3, 2), (0, 2), (0, 3), (2, 2)]
2025-03-13 20:53:38,009 - INFO - UCS - Victory found! Running time: 0.0347s, Expanded nodes: 57, Path Length: 5, Memory Used: 218.38 KB, CPU Used: 20.0 
2025-03-13 20:53:38,010 - INFO - UCS Game Plan calculated: [(1, 0), (3, 2), (0, 2), (0, 3), (2, 2)]
2025-03-13 20:54:08,479 - INFO - Game restarted.
2025-03-13 20:54:13,596 - INFO - Score: 0
2025-03-13 20:54:13,596 - INFO - Remaining Pieces: 5
2025-03-13 20:54:13,597 - INFO - Total Diamonds: 2
2025-03-13 20:54:13,597 - INFO - The player can keep playing
2025-03-13 20:54:13,598 - INFO - Game initialized with rows=5, cols=5, fill_density=0.3, diamond_rate=0.2, sequence_length=5, symmetric=True
2025-03-13 21:09:36,480 - INFO - Score: 0
2025-03-13 21:09:36,481 - INFO - Remaining Pieces: 5
2025-03-13 21:09:36,481 - INFO - Total Diamonds: 1
2025-03-13 21:09:36,482 - INFO - The player can keep playing
2025-03-13 21:09:36,482 - INFO - Game initialized with rows=5, cols=5, fill_density=0.3, diamond_rate=0.2, sequence_length=5, symmetric=True
2025-03-13 22:41:14,799 - INFO - Score: 0
2025-03-13 22:41:14,800 - INFO - Remaining Pieces: 5
2025-03-13 22:41:14,800 - INFO - Total Diamonds: 4
2025-03-13 22:41:14,800 - INFO - The player can keep playing
2025-03-13 22:41:14,802 - INFO - Game initialized with rows=5, cols=5, fill_density=0.3, diamond_rate=0.2, sequence_length=5, symmetric=True
2025-03-13 22:42:56,057 - INFO - Score: 0
2025-03-13 22:42:56,058 - INFO - Remaining Pieces: 5
2025-03-13 22:42:56,058 - INFO - Total Diamonds: 5
2025-03-13 22:42:56,058 - INFO - The player can keep playing
2025-03-13 22:42:56,059 - INFO - Game initialized with rows=5, cols=5, fill_density=0.3, diamond_rate=0.2, sequence_length=5, symmetric=True
2025-03-13 22:43:07,740 - INFO - DFS - Victory found! Running time: 0.0295s, Expanded nodes: 38, Path Length: 5, Memory Used: 152.80 KB, CPU Used: 37.5 %, Score: 90
2025-03-13 22:43:07,741 - INFO - DFS Game Plan calculated: [(2, 2), (1, 3), (0, 0), (3, 0), (0, 2)]
2025-03-13 22:43:08,195 - INFO - BFS - Victory found! Running time: 0.2263s, Expanded nodes: 286, Path Length: 5, Memory Used: 880.23 KB, CPU Used: 14.6 %, Score: 90
2025-03-13 22:43:08,196 - INFO - BFS Game Plan calculated: [(2, 2), (0, 3), (0, 0), (2, 1), (0, 2)]
2025-03-13 22:43:08,502 - INFO - A* - Victory found! Running time: 0.1524s, Expanded nodes: 304, Path Length: 5, Memory Used: 581.51 KB, CPU Used: 18.3 %, Score: 90
2025-03-13 22:43:08,503 - INFO - A* Game Plan calculated: [(2, 2), (1, 3), (0, 0), (3, 0), (0, 2)]
2025-03-13 22:43:08,657 - INFO - Greedy - Victory found! Running time: 0.0759s, Expanded nodes: 157, Path Length: 5, Memory Used: 581.51 KB, CPU Used: 12.7 %, Score: 90
2025-03-13 22:43:08,657 - INFO - Greedy Game Plan calculated: [(2, 2), (1, 3), (0, 0), (3, 0), (0, 2)]
2025-03-13 22:43:08,668 - INFO - DLS (Limit 1) - No victory within limit. Time: 0.0052s, Nodes: 11, Memory: 80.05 KB, CPU Used: 16.7 %, Score: 0
2025-03-13 22:43:08,727 - INFO - DLS (Limit 2) - No victory within limit. Time: 0.0285s, Nodes: 56, Memory: 103.77 KB, CPU Used: 12.5 %, Score: 0
2025-03-13 22:43:08,843 - INFO - DLS (Limit 3) - No victory within limit. Time: 0.0578s, Nodes: 120, Memory: 108.38 KB, CPU Used: 11.9 %, Score: 0
2025-03-13 22:43:09,016 - INFO - DLS (Limit 4) - No victory within limit. Time: 0.0858s, Nodes: 183, Memory: 115.39 KB, CPU Used: 9.2 %, Score: 0
2025-03-13 22:43:09,064 - INFO - DLS (Limit 5) - Victory within limit! Time: 0.0232s, Nodes: 38, Depth: 5, Memory: 121.20 KB, CPU Used: 10.0 %, Score: 90
2025-03-13 22:43:09,472 - INFO - IDS - Victory found! (Depth Limit: 5). Total Time: 0.2004s, Total Nodes: 408, Path Length: 5, Memory Used: 121.20 KB, CPU Used: 12.1 %, Score: 90
2025-03-13 22:43:09,473 - INFO - IDS Game Plan calculated: [(2, 2), (1, 3), (0, 0), (3, 0), (0, 2)]
2025-03-13 22:43:09,761 - INFO - UCS - Victory found! Running time: 0.1430s, Expanded nodes: 187, Path Length: 5, Memory Used: 790.26 KB, CPU Used: 11.6 
2025-03-13 22:43:09,762 - INFO - UCS Game Plan calculated: [(2, 2), (1, 3), (0, 0), (2, 0), (0, 2)]
2025-03-13 22:44:28,474 - INFO - Score: 0
2025-03-13 22:44:28,475 - INFO - Remaining Pieces: 5
2025-03-13 22:44:28,475 - INFO - Total Diamonds: 7
2025-03-13 22:44:28,476 - INFO - The player can keep playing
2025-03-13 22:44:28,476 - INFO - Game initialized with rows=5, cols=5, fill_density=0.3, diamond_rate=0.2, sequence_length=5, symmetric=True
2025-03-13 22:44:36,248 - INFO - DFS - No victory found. Running time: 0.0202s, Expanded nodes: 43, Memory Used: 93.02 KB, CPU Used: 25.0 %, Score: 0
2025-03-13 22:44:36,248 - INFO - No DFS Game Plan found.
2025-03-13 22:44:36,294 - INFO - BFS - No victory found. Running time: 0.0207s, Expanded nodes: 43, Memory Used: 131.30 KB, CPU Used: 16.7 %, Score: 0
2025-03-13 22:44:36,296 - INFO - No BFS Game Plan found.
2025-03-13 22:44:36,342 - INFO - A* - No victory found. Running time: 0.0223s, Expanded nodes: 43, Memory Used: 87.24 KB, CPU Used: 8.3 %, Score: 0
2025-03-13 22:44:36,342 - INFO - No A* Game Plan found.
2025-03-13 22:44:36,383 - INFO - Greedy - No victory found. Running time: 0.0195s, Expanded nodes: 43, Memory Used: 96.00 KB, CPU Used: 7.7 %, Score: None
2025-03-13 22:44:36,384 - INFO - No Greedy Game Plan found.
2025-03-13 22:44:36,389 - INFO - DLS (Limit 1) - No victory within limit. Time: 0.0022s, Nodes: 5, Memory: 37.14 KB, CPU Used: 0.0 %, Score: 0
2025-03-13 22:44:36,402 - INFO - DLS (Limit 2) - No victory within limit. Time: 0.0058s, Nodes: 12, Memory: 46.59 KB, CPU Used: 7.7 %, Score: 0
2025-03-13 22:44:36,423 - INFO - DLS (Limit 3) - No victory within limit. Time: 0.0100s, Nodes: 19, Memory: 52.48 KB, CPU Used: 8.3 %, Score: 0
2025-03-13 22:44:36,451 - INFO - DLS (Limit 4) - No victory within limit. Time: 0.0131s, Nodes: 26, Memory: 52.48 KB, CPU Used: 16.7 %, Score: 0
2025-03-13 22:44:36,494 - INFO - DLS (Limit 5) - No victory within limit. Time: 0.0207s, Nodes: 43, Memory: 71.84 KB, CPU Used: 33.3 %, Score: 0
2025-03-13 22:44:36,606 - INFO - IDS - No victory within max depth 5. Total Time: 0.0518s, Total Nodes: 105, Memory Used: 71.84 KB, CPU Used: 9.4 %, Score: 0
2025-03-13 22:44:36,606 - INFO - No IDS Game Plan found.
2025-03-13 22:44:36,651 - INFO - UCS - No victory found. Running time: 0.0218s, Expanded nodes: 43, Memory Used: 122.76 KB, CPU Used: 12.5 
2025-03-13 22:44:36,652 - INFO - No UCS Game Plan found.
2025-03-13 22:46:31,321 - INFO - Score: 0
2025-03-13 22:46:31,322 - INFO - Remaining Pieces: 5
2025-03-13 22:46:31,322 - INFO - Total Diamonds: 1
2025-03-13 22:46:31,323 - INFO - The player can keep playing
2025-03-13 22:46:31,323 - INFO - Game initialized with rows=5, cols=5, fill_density=0.3, diamond_rate=0.2, sequence_length=5, symmetric=True
2025-03-13 22:46:34,061 - INFO - DFS - Victory found! Running time: 0.0132s, Expanded nodes: 3, Path Length: 2, Memory Used: 204.36 KB, CPU Used: 9.1 %, Score: 20
2025-03-13 22:46:34,061 - INFO - DFS Game Plan calculated: [(3, 2), (2, 0)]
2025-03-13 22:46:34,192 - INFO - BFS - Victory found! Running time: 0.0644s, Expanded nodes: 14, Path Length: 2, Memory Used: 657.20 KB, CPU Used: 12.5 %, Score: 20
2025-03-13 22:46:34,193 - INFO - BFS Game Plan calculated: [(0, 0), (0, 2)]
2025-03-13 22:46:34,430 - INFO - A* - Victory found! Running time: 0.1176s, Expanded nodes: 89, Path Length: 2, Memory Used: 1085.41 KB, CPU Used: 8.2 %, Score: 20
2025-03-13 22:46:34,433 - INFO - A* Game Plan calculated: [(1, 2), (0, 0)]
2025-03-13 22:46:34,457 - INFO - Greedy - Victory found! Running time: 0.0103s, Expanded nodes: 4, Path Length: 3, Memory Used: 1085.41 KB, CPU Used: 8.3 %, Score: 20
2025-03-13 22:46:34,458 - INFO - Greedy Game Plan calculated: [(0, 1), (2, 0), (2, 3)]
2025-03-13 22:46:34,472 - INFO - DLS (Limit 1) - No victory within limit. Time: 0.0063s, Nodes: 13, Memory: 95.23 KB, CPU Used: 0.0 %, Score: 0
2025-03-13 22:46:34,494 - INFO - DLS (Limit 2) - Victory within limit! Time: 0.0103s, Nodes: 3, Depth: 2, Memory: 139.59 KB, CPU Used: 0.0 %, Score: 20
2025-03-13 22:46:34,532 - INFO - IDS - Victory found! (Depth Limit: 2). Total Time: 0.0166s, Total Nodes: 16, Path Length: 2, Memory Used: 139.59 KB, CPU Used: 16.0 %, Score: 20
2025-03-13 22:46:34,533 - INFO - IDS Game Plan calculated: [(3, 2), (2, 0)]
2025-03-13 22:46:34,634 - INFO - UCS - Victory found! Running time: 0.0501s, Expanded nodes: 16, Path Length: 2, Memory Used: 583.80 KB, CPU Used: 17.6 
2025-03-13 22:46:34,635 - INFO - UCS Game Plan calculated: [(2, 2), (1, 0)]
